C:\Users\Justin\Desktop\FSC-Classroom-Manager-master\Debug\FSC MAnager.ilk
C:\Users\Justin\Desktop\FSC-Classroom-Manager-master\Debug\FSC MAnager.pdb
C:\USERS\JUSTIN\DESKTOP\FSC-CLASSROOM-MANAGER-MASTER\FSC MANAGER\DEBUG\.NETFRAMEWORK,VERSION=V4.0.ASSEMBLYATTRIBUTES.OBJ
C:\USERS\JUSTIN\DESKTOP\FSC-CLASSROOM-MANAGER-MASTER\FSC MANAGER\DEBUG\APP.RES
C:\USERS\JUSTIN\DESKTOP\FSC-CLASSROOM-MANAGER-MASTER\FSC MANAGER\DEBUG\ASSEMBLYINFO.OBJ
C:\Users\Justin\Desktop\FSC-Classroom-Manager-master\FSC MAnager\Debug\cl.command.1.tlog
C:\Users\Justin\Desktop\FSC-Classroom-Manager-master\FSC MAnager\Debug\CL.read.1.tlog
C:\Users\Justin\Desktop\FSC-Classroom-Manager-master\FSC MAnager\Debug\CL.write.1.tlog
C:\USERS\JUSTIN\DESKTOP\FSC-CLASSROOM-MANAGER-MASTER\FSC MANAGER\DEBUG\DATAFORM.OBJ
C:\Users\Justin\Desktop\FSC-Classroom-Manager-master\FSC MAnager\Debug\FSC MAnager.exe.intermediate.manifest
C:\USERS\JUSTIN\DESKTOP\FSC-CLASSROOM-MANAGER-MASTER\FSC MANAGER\DEBUG\FSC MANAGER.OBJ
C:\USERS\JUSTIN\DESKTOP\FSC-CLASSROOM-MANAGER-MASTER\FSC MANAGER\DEBUG\FSC MANAGER.PCH
C:\Users\Justin\Desktop\FSC-Classroom-Manager-master\FSC MAnager\Debug\FSC MAnager.vcxproj.GenerateResource.Cache
C:\Users\Justin\Desktop\FSC-Classroom-Manager-master\FSC MAnager\Debug\FSC MAnager.vcxprojResolveAssemblyReference.cache
C:\Users\Justin\Desktop\FSC-Classroom-Manager-master\FSC MAnager\Debug\FSC MAnager.write.1.tlog
C:\Users\Justin\Desktop\FSC-Classroom-Manager-master\FSC MAnager\Debug\FSCManager.DataForm.resources
C:\Users\Justin\Desktop\FSC-Classroom-Manager-master\FSC MAnager\Debug\FSCManager.FSCCM.resources
C:\Users\Justin\Desktop\FSC-Classroom-Manager-master\FSC MAnager\Debug\link.5076.read.1.tlog
C:\Users\Justin\Desktop\FSC-Classroom-Manager-master\FSC MAnager\Debug\link.5076.write.1.tlog
C:\Users\Justin\Desktop\FSC-Classroom-Manager-master\FSC MAnager\Debug\link.5076-cvtres.read.1.tlog
C:\Users\Justin\Desktop\FSC-Classroom-Manager-master\FSC MAnager\Debug\link.5076-cvtres.write.1.tlog
C:\Users\Justin\Desktop\FSC-Classroom-Manager-master\FSC MAnager\Debug\link.5168.read.1.tlog
C:\Users\Justin\Desktop\FSC-Classroom-Manager-master\FSC MAnager\Debug\link.5168.write.1.tlog
C:\Users\Justin\Desktop\FSC-Classroom-Manager-master\FSC MAnager\Debug\link.5168-cvtres.read.1.tlog
C:\Users\Justin\Desktop\FSC-Classroom-Manager-master\FSC MAnager\Debug\link.5168-cvtres.write.1.tlog
C:\Users\Justin\Desktop\FSC-Classroom-Manager-master\FSC MAnager\Debug\link.command.1.tlog
C:\Users\Justin\Desktop\FSC-Classroom-Manager-master\FSC MAnager\Debug\link.read.1.tlog
C:\Users\Justin\Desktop\FSC-Classroom-Manager-master\FSC MAnager\Debug\link.write.1.tlog
C:\Users\Justin\Desktop\FSC-Classroom-Manager-master\FSC MAnager\Debug\metagen.read.1.tlog
C:\Users\Justin\Desktop\FSC-Classroom-Manager-master\FSC MAnager\Debug\metagen.write.1.tlog
C:\USERS\JUSTIN\DESKTOP\FSC-CLASSROOM-MANAGER-MASTER\FSC MANAGER\DEBUG\PUGIXML.OBJ
C:\Users\Justin\Desktop\FSC-Classroom-Manager-master\FSC MAnager\Debug\rc.command.1.tlog
C:\Users\Justin\Desktop\FSC-Classroom-Manager-master\FSC MAnager\Debug\rc.read.1.tlog
C:\Users\Justin\Desktop\FSC-Classroom-Manager-master\FSC MAnager\Debug\rc.write.1.tlog
C:\USERS\JUSTIN\DESKTOP\FSC-CLASSROOM-MANAGER-MASTER\FSC MANAGER\DEBUG\STDAFX.OBJ
C:\USERS\JUSTIN\DESKTOP\FSC-CLASSROOM-MANAGER-MASTER\FSC MANAGER\DEBUG\UTILITIES.OBJ
C:\USERS\JUSTIN\DESKTOP\FSC-CLASSROOM-MANAGER-MASTER\FSC MANAGER\DEBUG\VC100.PDB
C:\USERS\MATHLAB\DESKTOP\FSC-CLASSROOM-MANAGER-MASTER\FSC MANAGER\DEBUG\.NETFRAMEWORK,VERSION=V4.0.ASSEMBLYATTRIBUTES.OBJ
C:\USERS\MATHLAB\DESKTOP\FSC-CLASSROOM-MANAGER-MASTER\FSC MANAGER\DEBUG\APP.RES
C:\USERS\MATHLAB\DESKTOP\FSC-CLASSROOM-MANAGER-MASTER\FSC MANAGER\DEBUG\ASSEMBLYINFO.OBJ
C:\USERS\MATHLAB\DESKTOP\FSC-CLASSROOM-MANAGER-MASTER\FSC MANAGER\DEBUG\DATAFORM.OBJ
C:\USERS\MATHLAB\DESKTOP\FSC-CLASSROOM-MANAGER-MASTER\FSC MANAGER\DEBUG\FSC MANAGER.OBJ
C:\USERS\MATHLAB\DESKTOP\FSC-CLASSROOM-MANAGER-MASTER\FSC MANAGER\DEBUG\FSC MANAGER.PCH
C:\USERS\MATHLAB\DESKTOP\FSC-CLASSROOM-MANAGER-MASTER\FSC MANAGER\DEBUG\PUGIXML.OBJ
C:\USERS\MATHLAB\DESKTOP\FSC-CLASSROOM-MANAGER-MASTER\FSC MANAGER\DEBUG\STDAFX.OBJ
C:\USERS\MATHLAB\DESKTOP\FSC-CLASSROOM-MANAGER-MASTER\FSC MANAGER\DEBUG\UTILITIES.OBJ
C:\USERS\MATHLAB\DESKTOP\FSC-CLASSROOM-MANAGER-MASTER\FSC MANAGER\DEBUG\VC100.PDB
