Build started 11/12/2014 10:19:03 PM.
     1>Project "C:\Users\Justin\Desktop\FSC-Classroom-Manager-master\FSC-Classroom-Manager\FSC MAnager\FSC MAnager.vcxproj" on node 2 (build target(s)).
     1>InitializeBuildStatus:
         Touching "Debug\FSC MAnager.unsuccessfulbuild".
       GenerateTargetFrameworkMonikerAttribute:
       Skipping target "GenerateTargetFrameworkMonikerAttribute" because all output files are up-to-date with respect to the input files.
       ClCompile:
         All outputs are up-to-date.
         g:\Program Files (x86)\Microsoft Visual Studio 10.0\VC\bin\CL.exe /c /I"C:\Users\Justin\Desktop\FSC-Classroom-Manager-master\FSC-Classroom-Manager\FSC Manager\xml" /AI"C:\Program Files (x86)\Reference Assemblies\Microsoft\Framework\.NETFramework\v4.0" /Zi /clr:pure /nologo /W3 /WX- /Od /Oy- /D WIN32 /D _DEBUG /D _UNICODE /D UNICODE /EHa /MDd /GS /fp:precise /Zc:wchar_t /Zc:forScope /Yu"StdAfx.h" /Fp"Debug\FSC MAnager.pch" /Fo"Debug\\" /Fd"Debug\vc100.pdb" /TP /FU"C:\Program Files (x86)\Reference Assemblies\Microsoft\Framework\.NETFramework\v4.0\System.Core.dll" /FU"C:\Program Files (x86)\Reference Assemblies\Microsoft\Framework\.NETFramework\v4.0\System.Data.dll" /FU"C:\Program Files (x86)\Reference Assemblies\Microsoft\Framework\.NETFramework\v4.0\System.dll" /FU"C:\Program Files (x86)\Reference Assemblies\Microsoft\Framework\.NETFramework\v4.0\System.Drawing.dll" /FU"C:\Program Files (x86)\Reference Assemblies\Microsoft\Framework\.NETFramework\v4.0\System.Windows.Forms.dll" /FU"C:\Program Files (x86)\Reference Assemblies\Microsoft\Framework\.NETFramework\v4.0\System.Xml.dll" /analyze- /errorReport:prompt "FSC MAnager.cpp" /clr:nostdlib 
         FSC MAnager.cpp
         All outputs are up-to-date.
         All outputs are up-to-date.
       CoreResGen:
         No resources are out of date with respect to their source files. Skipping resource generation.
       ResourceCompile:
         All outputs are up-to-date.
       Link:
         g:\Program Files (x86)\Microsoft Visual Studio 10.0\VC\bin\link.exe /ERRORREPORT:PROMPT /OUT:"C:\Users\Justin\Desktop\FSC-Classroom-Manager-master\FSC-Classroom-Manager\Debug\FSC MAnager.exe" /INCREMENTAL /NOLOGO /ASSEMBLYRESOURCE:Debug\FSCManager.DataForm.resources /ASSEMBLYRESOURCE:Debug\FSCManager.FSCCM.resources /ASSEMBLYRESOURCE:Debug\FSCManager.ModifyData.resources /MANIFEST /ManifestFile:"Debug\FSC MAnager.exe.intermediate.manifest" /MANIFESTUAC:"level='asInvoker' uiAccess='false'" /DEBUG /PDB:"C:\Users\Justin\Desktop\FSC-Classroom-Manager-master\FSC-Classroom-Manager\Debug\FSC MAnager.pdb" /ASSEMBLYDEBUG /SUBSYSTEM:WINDOWS /TLBID:1 /ENTRY:"main" /DYNAMICBASE /FIXED:NO /NXCOMPAT /MACHINE:X86 Debug\app.res
         Debug\AssemblyInfo.obj
         Debug\DataForm.obj
         "Debug\FSC MAnager.obj"
         Debug\ModifyData.obj
         Debug\stdafx.obj
         Debug\utilities.obj
         Debug\pugixml.obj
         "Debug\.NETFramework,Version=v4.0.AssemblyAttributes.obj"
         FSC MAnager.vcxproj -> C:\Users\Justin\Desktop\FSC-Classroom-Manager-master\FSC-Classroom-Manager\Debug\FSC MAnager.exe
       Manifest:
         C:\Program Files (x86)\Microsoft SDKs\Windows\v7.0A\bin\mt.exe /nologo /verbose /outputresource:"C:\Users\Justin\Desktop\FSC-Classroom-Manager-master\FSC-Classroom-Manager\Debug\FSC MAnager.exe;#1" /manifest "Debug\FSC MAnager.exe.intermediate.manifest"
       FinalizeBuildStatus:
         Deleting file "Debug\FSC MAnager.unsuccessfulbuild".
         Touching "Debug\FSC MAnager.lastbuildstate".
     1>Done Building Project "C:\Users\Justin\Desktop\FSC-Classroom-Manager-master\FSC-Classroom-Manager\FSC MAnager\FSC MAnager.vcxproj" (build target(s)).

Build succeeded.

Time Elapsed 00:00:03.57
